<?xml version="1.0" encoding="UTF-8"?>
<!-- Generated by org.testng.reporters.JUnitReportReporter -->
<testsuite hostname="WINDOWS-S3RGP8Q" failures="0" tests="1" name="com.acti.base.DriverScript" time="4.665" errors="0" timestamp="29 Mar 2022 15:15:05 GMT" skipped="0">
  <testcase classname="com.acti.base.DriverScript" name="initApplication" time="4.665"/>
</testsuite> <!-- com.acti.base.DriverScript -->
