<?xml version="1.0" encoding="UTF-8"?>
<!-- Generated by org.testng.reporters.JUnitReportReporter -->
<testsuite hostname="WINDOWS-S3RGP8Q" failures="0" tests="2" name="com.acti.tests.LoginTests" time="24.359" errors="0" timestamp="29 Mar 2022 16:30:06 GMT" skipped="0">
  <testcase classname="com.acti.tests.LoginTests" name="testlogin" time="12.305"/>
  <testcase classname="com.acti.tests.LoginTests" name="validateForgotPasswordLink" time="12.054"/>
</testsuite> <!-- com.acti.tests.LoginTests -->
